[debug] [2022-03-06T03:14:38.344Z] ----------------------------------------------------------------------
[debug] [2022-03-06T03:14:38.346Z] Command:       /usr/local/bin/node /usr/local/bin/firebase init
[debug] [2022-03-06T03:14:38.347Z] CLI Version:   10.2.2
[debug] [2022-03-06T03:14:38.347Z] Platform:      darwin
[debug] [2022-03-06T03:14:38.347Z] Node Version:  v16.13.0
[debug] [2022-03-06T03:14:38.348Z] Time:          Sun Mar 06 2022 10:14:38 GMT+0700 (Indochina Time)
[debug] [2022-03-06T03:14:38.348Z] ----------------------------------------------------------------------
[debug] 
[debug] [2022-03-06T03:14:38.408Z] > command requires scopes: ["email","openid","https://www.googleapis.com/auth/cloudplatformprojects.readonly","https://www.googleapis.com/auth/firebase","https://www.googleapis.com/auth/cloud-platform"]
[debug] [2022-03-06T03:14:38.408Z] > authorizing via signed-in user (khuonglu1999@gmail.com)
[info] 
     ######## #### ########  ######## ########     ###     ######  ########
     ##        ##  ##     ## ##       ##     ##  ##   ##  ##       ##
     ######    ##  ########  ######   ########  #########  ######  ######
     ##        ##  ##    ##  ##       ##     ## ##     ##       ## ##
     ##       #### ##     ## ######## ########  ##     ##  ######  ########

You're about to initialize a Firebase project in this directory:

  /Users/minhkhuonglu/Downloads/deployment/deployment

Before we get started, keep in mind:

  * You are initializing within an existing Firebase project directory

[info] 
=== Project Setup
[info] 
[info] First, let's associate this project directory with a Firebase project.
[info] You can create multiple project aliases by running firebase use --add, 
[info] but for now we'll just set up a default project.
[info] 
[debug] [2022-03-06T03:16:02.303Z] >>> [apiv2][query] GET https://firebase.googleapis.com/v1beta1/projects pageSize=100
[debug] [2022-03-06T03:16:03.023Z] <<< [apiv2][status] GET https://firebase.googleapis.com/v1beta1/projects 200
[debug] [2022-03-06T03:16:03.023Z] <<< [apiv2][body] GET https://firebase.googleapis.com/v1beta1/projects [omitted]
[info] i  Using project angular-exercise-33071 (angular-exercise) 
[info] 
=== Hosting Setup
[info] 
[info] Your public directory is the folder (relative to your project directory) that
[info] will contain Hosting assets to be uploaded with firebase deploy. If you
[info] have a build process for your assets, use your build's output directory.
[info] 
[debug] [2022-03-06T03:16:29.045Z] >>> [apiv2][query] GET https://www.gstatic.com/firebasejs/releases.json [none]
[debug] [2022-03-06T03:16:29.294Z] <<< [apiv2][status] GET https://www.gstatic.com/firebasejs/releases.json 200
[debug] [2022-03-06T03:16:29.294Z] <<< [apiv2][body] GET https://www.gstatic.com/firebasejs/releases.json {"current":{"version":"9.6.8","browserURL":"https://www.gstatic.com/firebasejs/9.6.8/firebase.js","packageURL":"https://www.gstatic.com/firebasejs/9.6.8/firebase.tgz"},"live":{"version":"9.6","browserURL":"https://www.gstatic.com/firebasejs/live/9.6/firebase.js","packageURL":"https://www.gstatic.com/firebasejs/live/9.6/firebase.tgz"},"components":{"analytics":"https://www.gstatic.com/firebasejs/9.6.8/firebase-analytics.js","app":"https://www.gstatic.com/firebasejs/9.6.8/firebase-app.js","app-check":"https://www.gstatic.com/firebasejs/9.6.8/firebase-app-check.js","auth":"https://www.gstatic.com/firebasejs/9.6.8/firebase-auth.js","auth/cordova":"https://www.gstatic.com/firebasejs/9.6.8/firebase-auth/cordova.js","auth/react-native":"https://www.gstatic.com/firebasejs/9.6.8/firebase-auth/react-native.js","functions":"https://www.gstatic.com/firebasejs/9.6.8/firebase-functions.js","firestore":"https://www.gstatic.com/firebasejs/9.6.8/firebase-firestore.js","firestore/lite":"https://www.gstatic.com/firebasejs/9.6.8/firebase-firestore/lite.js","storage":"https://www.gstatic.com/firebasejs/9.6.8/firebase-storage.js","performance":"https://www.gstatic.com/firebasejs/9.6.8/firebase-performance.js","remote-config":"https://www.gstatic.com/firebasejs/9.6.8/firebase-remote-config.js","messaging":"https://www.gstatic.com/firebasejs/9.6.8/firebase-messaging.js","messaging/sw":"https://www.gstatic.com/firebasejs/9.6.8/firebase-messaging/sw.js","database":"https://www.gstatic.com/firebasejs/9.6.8/firebase-database.js","firestore.memory":"https://www.gstatic.com/firebasejs/9.6.8/firebase-firestore.memory.js"}}
[info] ✔  Wrote dist/index.html 
[info] 
[info] i  Didn't detect a .git folder. Assuming /Users/minhkhuonglu/Downloads/deployment/deployment is the project root. 
[info] i  Authorizing with GitHub to upload your service account to a GitHub repository's secrets store. 
[info] 
[info] Visit this URL on this device to log in:
[info] https://github.com/login/oauth/authorize?client_id=89cf50f02ac6aaed3484&state=872358250&redirect_uri=http%3A%2F%2Flocalhost%3A9005&scope=read%3Auser%20repo%20public_repo
[info] 
[info] Waiting for authentication...
[debug] [2022-03-06T03:17:07.931Z] >>> HTTP REQUEST POST https://github.com/login/oauth/access_token  
 {"client_id":"89cf50f02ac6aaed3484","client_secret":"3330d14abc895d9a74d5f17cd7a00711fa2c5bf0","code":"25fcc752713b6454fbe9","redirect_uri":"http://localhost:9005","state":"872358250"}
[debug] [2022-03-06T03:17:08.350Z] <<< HTTP RESPONSE 200 {"server":"GitHub.com","date":"Sun, 06 Mar 2022 03:17:08 GMT","content-type":"application/json; charset=utf-8","transfer-encoding":"chunked","vary":"X-PJAX, X-PJAX-Container, Accept-Encoding, Accept, X-Requested-With","permissions-policy":"interest-cohort=()","etag":"W/\"df7f7718700cda78bd5f840f2318e30a\"","cache-control":"max-age=0, private, must-revalidate","strict-transport-security":"max-age=31536000; includeSubdomains; preload","x-frame-options":"deny","x-content-type-options":"nosniff","x-xss-protection":"0","referrer-policy":"origin-when-cross-origin, strict-origin-when-cross-origin","expect-ct":"max-age=2592000, report-uri=\"https://api.github.com/_private/browser/errors\"","content-security-policy":"default-src 'none'; base-uri 'self'; block-all-mixed-content; child-src github.com/assets-cdn/worker/ gist.github.com/assets-cdn/worker/; connect-src 'self' uploads.github.com objects-origin.githubusercontent.com www.githubstatus.com collector.githubapp.com collector.github.com api.github.com github-cloud.s3.amazonaws.com github-production-repository-file-5c1aeb.s3.amazonaws.com github-production-upload-manifest-file-7fdce7.s3.amazonaws.com github-production-user-asset-6210df.s3.amazonaws.com cdn.optimizely.com logx.optimizely.com/v1/events translator.github.com wss://alive.github.com; font-src github.githubassets.com; form-action 'self' github.com gist.github.com objects-origin.githubusercontent.com; frame-ancestors 'none'; frame-src render.githubusercontent.com viewscreen.githubusercontent.com notebooks.githubusercontent.com; img-src 'self' data: github.githubassets.com identicons.github.com collector.githubapp.com collector.github.com github-cloud.s3.amazonaws.com secured-user-images.githubusercontent.com/ *.githubusercontent.com; manifest-src 'self'; media-src github.com user-images.githubusercontent.com/; script-src github.githubassets.com; style-src 'unsafe-inline' github.githubassets.com; worker-src github.com/assets-cdn/worker/ gist.github.com/assets-cdn/worker/","x-github-request-id":"FD1F:603C:BBE256:110A22D:622427B4"}
[debug] [2022-03-06T03:17:08.357Z] >>> [apiv2][query] GET https://api.github.com/user [none]
[debug] [2022-03-06T03:17:08.776Z] <<< [apiv2][status] GET https://api.github.com/user 200
[debug] [2022-03-06T03:17:08.776Z] <<< [apiv2][body] GET https://api.github.com/user {"login":"minhkhuong2404","id":36130652,"node_id":"MDQ6VXNlcjM2MTMwNjUy","avatar_url":"https://avatars.githubusercontent.com/u/36130652?v=4","gravatar_id":"","url":"https://api.github.com/users/minhkhuong2404","html_url":"https://github.com/minhkhuong2404","followers_url":"https://api.github.com/users/minhkhuong2404/followers","following_url":"https://api.github.com/users/minhkhuong2404/following{/other_user}","gists_url":"https://api.github.com/users/minhkhuong2404/gists{/gist_id}","starred_url":"https://api.github.com/users/minhkhuong2404/starred{/owner}{/repo}","subscriptions_url":"https://api.github.com/users/minhkhuong2404/subscriptions","organizations_url":"https://api.github.com/users/minhkhuong2404/orgs","repos_url":"https://api.github.com/users/minhkhuong2404/repos","events_url":"https://api.github.com/users/minhkhuong2404/events{/privacy}","received_events_url":"https://api.github.com/users/minhkhuong2404/received_events","type":"User","site_admin":false,"name":"Lữ Minh Khương","company":"VGU","blog":"https://www.linkedin.com/in/luminhkhuong/","location":"Ho Chi Minh, Vietnam","email":null,"hireable":null,"bio":"Hello I am newbie","twitter_username":null,"public_repos":29,"public_gists":1,"followers":8,"following":3,"created_at":"2018-02-04T13:41:14Z","updated_at":"2022-02-22T12:52:35Z","private_gists":0,"total_private_repos":2,"owned_private_repos":1,"disk_usage":605757,"collaborators":6,"two_factor_authentication":false,"plan":{"name":"pro","space":976562499,"collaborators":0,"private_repos":9999}}
[info] 
[info] ✔  Success! Logged into GitHub as minhkhuong2404 
[info] 
[debug] [2022-03-06T03:17:23.503Z] >>> [apiv2][query] GET https://api.github.com/repos//actions/secrets/public-key type=owner
[debug] [2022-03-06T03:17:23.904Z] <<< [apiv2][status] GET https://api.github.com/repos//actions/secrets/public-key 404
[debug] [2022-03-06T03:17:23.904Z] <<< [apiv2][body] GET https://api.github.com/repos//actions/secrets/public-key {"message":"Not Found","documentation_url":"https://docs.github.com/rest"}
[debug] [2022-03-06T03:17:25.272Z] >>> [apiv2][query] GET https://api.github.com/repos/user/actions/secrets/public-key type=owner
[debug] [2022-03-06T03:17:25.644Z] <<< [apiv2][status] GET https://api.github.com/repos/user/actions/secrets/public-key 404
[debug] [2022-03-06T03:17:25.644Z] <<< [apiv2][body] GET https://api.github.com/repos/user/actions/secrets/public-key {"message":"Not Found","documentation_url":"https://docs.github.com/rest"}
[debug] [2022-03-06T03:17:27.248Z] >>> [apiv2][query] GET https://api.github.com/repos/user/actions/secrets/public-key type=owner
[debug] [2022-03-06T03:17:27.701Z] <<< [apiv2][status] GET https://api.github.com/repos/user/actions/secrets/public-key 404
[debug] [2022-03-06T03:17:27.701Z] <<< [apiv2][body] GET https://api.github.com/repos/user/actions/secrets/public-key {"message":"Not Found","documentation_url":"https://docs.github.com/rest"}
[debug] [2022-03-06T03:17:28.688Z] >>> [apiv2][query] GET https://api.github.com/repos//actions/secrets/public-key type=owner
[debug] [2022-03-06T03:17:29.127Z] <<< [apiv2][status] GET https://api.github.com/repos//actions/secrets/public-key 404
[debug] [2022-03-06T03:17:29.128Z] <<< [apiv2][body] GET https://api.github.com/repos//actions/secrets/public-key {"message":"Not Found","documentation_url":"https://docs.github.com/rest"}
